<?xml version="1.0" encoding="UTF-8"?>
<testng-results ignored="0" total="1" passed="1" failed="0" skipped="0">
  <reporter-output>
  </reporter-output>
  <suite started-at="2022-02-17T19:00:34 IST" name="Default suite" finished-at="2022-02-17T19:00:40 IST" duration-ms="5139">
    <groups>
    </groups>
    <test started-at="2022-02-17T19:00:34 IST" name="Default test" finished-at="2022-02-17T19:00:40 IST" duration-ms="5139">
      <class name="com.RestAssuredDemo.GetRequest_10">
        <test-method signature="Test001()[pri:0, instance:com.RestAssuredDemo.GetRequest_10@5f9b2141]" started-at="2022-02-17T19:00:34 IST" name="Test001" finished-at="2022-02-17T19:00:39 IST" duration-ms="5071" status="PASS">
          <reporter-output>
          </reporter-output>
        </test-method> <!-- Test001 -->
      </class> <!-- com.RestAssuredDemo.GetRequest_10 -->
    </test> <!-- Default test -->
  </suite> <!-- Default suite -->
</testng-results>
