<?xml version="1.0" encoding="UTF-8"?>
<testng-results ignored="0" total="1" passed="1" failed="0" skipped="0">
  <reporter-output>
  </reporter-output>
  <suite started-at="2022-02-10T19:26:31 IST" name="Default suite" finished-at="2022-02-10T19:26:37 IST" duration-ms="5690">
    <groups>
    </groups>
    <test started-at="2022-02-10T19:26:31 IST" name="Default test" finished-at="2022-02-10T19:26:37 IST" duration-ms="5690">
      <class name="comCrudOperationsDemo.PatchDemo">
        <test-method signature="test_Patch()[pri:0, instance:comCrudOperationsDemo.PatchDemo@2dde1bff]" started-at="2022-02-10T19:26:31 IST" name="test_Patch" finished-at="2022-02-10T19:26:37 IST" duration-ms="5665" status="PASS">
          <reporter-output>
          </reporter-output>
        </test-method> <!-- test_Patch -->
      </class> <!-- comCrudOperationsDemo.PatchDemo -->
    </test> <!-- Default test -->
  </suite> <!-- Default suite -->
</testng-results>
